Sent question: If you had to introduce yourself without mentioning your job, what would you say?
Sent question: What are you becoming? Is it what you want to become?
2026-03-18 15:00:02 UTC START: memories/question (/home/ubuntu/memories/crons/question.sh)
2026-03-18 15:00:02 UTC OK: script completed (57 bytes output)
2026-03-18 15:00:03 UTC SENT: output delivered to Telegram
2026-03-18 15:00:03 UTC DONE: memories/question
/bin/sh: 1: /home/ubuntu/relay/scripts/agent-cron.sh: not found
/bin/sh: 1: /home/ubuntu/relay/scripts/agent-cron.sh: not found
/bin/sh: 1: /home/ubuntu/relay/scripts/agent-cron.sh: not found
/bin/sh: 1: /home/ubuntu/relay/scripts/agent-cron.sh: not found
/bin/sh: 1: /home/ubuntu/relay/scripts/agent-cron.sh: not found
2026-03-24 15:00:02 UTC START: memories/question (/home/ubuntu/memories/crons/question.sh)
2026-03-24 15:00:03 UTC OK: script completed (75 bytes output)
2026-03-24 15:00:03 UTC SENT: output delivered to Telegram
2026-03-24 15:00:03 UTC DONE: memories/question
2026-03-25 15:00:02 UTC START: memories/question (/home/ubuntu/memories/crons/question.sh)
2026-03-25 15:00:02 UTC OK: script completed (72 bytes output)
2026-03-25 15:00:03 UTC SENT: output delivered to Telegram
2026-03-25 15:00:03 UTC DONE: memories/question
2026-03-26 15:00:02 UTC START: memories/question (/home/ubuntu/memories/crons/question.sh)
2026-03-26 15:00:02 UTC OK: script completed (48 bytes output)
2026-03-26 15:00:02 UTC SENT: output delivered to Telegram
2026-03-26 15:00:02 UTC DONE: memories/question
2026-03-27 15:00:02 UTC START: memories/question (/home/ubuntu/memories/crons/question.sh)
2026-03-27 15:00:02 UTC OK: script completed (44 bytes output)
2026-03-27 15:00:02 UTC SENT: output delivered to Telegram
2026-03-27 15:00:02 UTC DONE: memories/question
2026-03-28 15:00:02 UTC START: memories/question (/home/ubuntu/memories/crons/question.sh)
2026-03-28 15:00:02 UTC OK: script completed (68 bytes output)
2026-03-28 15:00:02 UTC SENT: output delivered to Telegram
2026-03-28 15:00:02 UTC DONE: memories/question
2026-03-29 15:00:02 UTC START: memories/question (/home/ubuntu/memories/crons/question.sh)
2026-03-29 15:00:02 UTC OK: script completed (85 bytes output)
2026-03-29 15:00:03 UTC SENT: output delivered to Telegram
2026-03-29 15:00:03 UTC DONE: memories/question
2026-03-30 15:00:02 UTC START: memories/question (/home/ubuntu/memories/crons/question.sh)
2026-03-30 15:00:02 UTC OK: script completed (43 bytes output)
2026-03-30 15:00:03 UTC SENT: output delivered to Telegram
2026-03-30 15:00:03 UTC DONE: memories/question
2026-03-31 15:00:02 UTC START: memories/question (/home/ubuntu/memories/crons/question.sh)
2026-03-31 15:00:03 UTC OK: script completed (68 bytes output)
2026-03-31 15:00:03 UTC SENT: output delivered to Telegram
2026-03-31 15:00:03 UTC DONE: memories/question
2026-04-01 15:00:02 UTC START: memories/question (/home/ubuntu/memories/crons/question.sh)
2026-04-01 15:00:02 UTC OK: script completed (81 bytes output)
2026-04-01 15:00:03 UTC SENT: output delivered to Telegram
2026-04-01 15:00:03 UTC DONE: memories/question
